# JRE version: 7.0_11-b21
# Java VM: Java HotSpot(TM) Client VM (23.6-b04 mixed mode windows-x86 )
Heap
 def new generation   total 28544K, used 25951K [0x160b0000, 0x17fa0000, 0x180b0000)
  eden space 25408K, 100% used [0x160b0000, 0x17980000, 0x17980000)
  from space 3136K,  17% used [0x17c90000, 0x17d17f28, 0x17fa0000)
  to   space 3136K,   0% used [0x17980000, 0x17980000, 0x17c90000)
 tenured generation   total 94752K, used 77803K [0x180b0000, 0x1dd38000, 0x1e0b0000)
   the space 94752K,  82% used [0x180b0000, 0x1ccaaec8, 0x1ccab000, 0x1dd38000)
 compacting perm gen  total 40704K, used 40650K [0x1e0b0000, 0x20870000, 0x240b0000)
   the space 40704K,  99% used [0x1e0b0000, 0x20862ab8, 0x20862c00, 0x20870000)
GC Heap History (10 events):
Event: 19725.215 GC heap before
{Heap before GC invocations=962 (full 2):
 def new generation   total 28544K, used 26007K [0x160b0000, 0x17fa0000, 0x180b0000)
  eden space 25408K, 100% used [0x160b0000, 0x17980000, 0x17980000)
  from space 3136K,  19% used [0x17980000, 0x17a15d08, 0x17c90000)
  to   space 3136K,   0% used [0x17c90000, 0x17c90000, 0x17fa0000)
 tenured generation   total 94752K, used 77743K [0x180b0000, 0x1dd38000, 0x1e0b0000)
   the space 94752K,  82% used [0x180b0000, 0x1cc9be38, 0x1cc9c000, 0x1dd38000)
 compacting perm gen  total 40704K, used 40650K [0x1e0b0000, 0x20870000, 0x240b0000)
   the space 40704K,  99% used [0x1e0b0000, 0x20862ab8, 0x20862c00, 0x20870000)
No shared spaces configured.
Event: 19725.218 GC heap after
Heap after GC invocations=963 (full 2):
 def new generation   total 28544K, used 596K [0x160b0000, 0x17fa0000, 0x180b0000)
  eden space 25408K,   0% used [0x160b0000, 0x160b0000, 0x17980000)
  from space 3136K,  19% used [0x17c90000, 0x17d252b8, 0x17fa0000)
  to   space 3136K,   0% used [0x17980000, 0x17980000, 0x17c90000)
 tenured generation   total 94752K, used 77758K [0x180b0000, 0x1dd38000, 0x1e0b0000)
   the space 94752K,  82% used [0x180b0000, 0x1cc9fbf8, 0x1cc9fc00, 0x1dd38000)
 compacting perm gen  total 40704K, used 40650K [0x1e0b0000, 0x20870000, 0x240b0000)
   the space 40704K,  99% used [0x1e0b0000, 0x20862ab8, 0x20862c00, 0x20870000)
No shared spaces configured.
}
Event: 19725.787 GC heap before
{Heap before GC invocations=963 (full 2):
 def new generation   total 28544K, used 26004K [0x160b0000, 0x17fa0000, 0x180b0000)
  eden space 25408K, 100% used [0x160b0000, 0x17980000, 0x17980000)
  from space 3136K,  19% used [0x17c90000, 0x17d252b8, 0x17fa0000)
  to   space 3136K,   0% used [0x17980000, 0x17980000, 0x17c90000)
 tenured generation   total 94752K, used 77758K [0x180b0000, 0x1dd38000, 0x1e0b0000)
   the space 94752K,  82% used [0x180b0000, 0x1cc9fbf8, 0x1cc9fc00, 0x1dd38000)
 compacting perm gen  total 40704K, used 40650K [0x1e0b0000, 0x20870000, 0x240b0000)
   the space 40704K,  99% used [0x1e0b0000, 0x20862ab8, 0x20862c00, 0x20870000)
No shared spaces configured.
Event: 19725.790 GC heap after
Heap after GC invocations=964 (full 2):
 def new generation   total 28544K, used 560K [0x160b0000, 0x17fa0000, 0x180b0000)
  eden space 25408K,   0% used [0x160b0000, 0x160b0000, 0x17980000)
  from space 3136K,  17% used [0x17980000, 0x17a0c2e0, 0x17c90000)
  to   space 3136K,   0% used [0x17c90000, 0x17c90000, 0x17fa0000)
 tenured generation   total 94752K, used 77758K [0x180b0000, 0x1dd38000, 0x1e0b0000)
   the space 94752K,  82% used [0x180b0000, 0x1cc9fbf8, 0x1cc9fc00, 0x1dd38000)
 compacting perm gen  total 40704K, used 40650K [0x1e0b0000, 0x20870000, 0x240b0000)
   the space 40704K,  99% used [0x1e0b0000, 0x20862ab8, 0x20862c00, 0x20870000)
No shared spaces configured.
}
Event: 19726.397 GC heap before
{Heap before GC invocations=964 (full 2):
 def new generation   total 28544K, used 25968K [0x160b0000, 0x17fa0000, 0x180b0000)
  eden space 25408K, 100% used [0x160b0000, 0x17980000, 0x17980000)
  from space 3136K,  17% used [0x17980000, 0x17a0c2e0, 0x17c90000)
  to   space 3136K,   0% used [0x17c90000, 0x17c90000, 0x17fa0000)
 tenured generation   total 94752K, used 77758K [0x180b0000, 0x1dd38000, 0x1e0b0000)
   the space 94752K,  82% used [0x180b0000, 0x1cc9fbf8, 0x1cc9fc00, 0x1dd38000)
 compacting perm gen  total 40704K, used 40650K [0x1e0b0000, 0x20870000, 0x240b0000)
   the space 40704K,  99% used [0x1e0b0000, 0x20862ab8, 0x20862c00, 0x20870000)
No shared spaces configured.
Event: 19726.401 GC heap after
Heap after GC invocations=965 (full 2):
 def new generation   total 28544K, used 559K [0x160b0000, 0x17fa0000, 0x180b0000)
  eden space 25408K,   0% used [0x160b0000, 0x160b0000, 0x17980000)
  from space 3136K,  17% used [0x17c90000, 0x17d1bc98, 0x17fa0000)
  to   space 3136K,   0% used [0x17980000, 0x17980000, 0x17c90000)
 tenured generation   total 94752K, used 77774K [0x180b0000, 0x1dd38000, 0x1e0b0000)
   the space 94752K,  82% used [0x180b0000, 0x1cca3bb8, 0x1cca3c00, 0x1dd38000)
 compacting perm gen  total 40704K, used 40650K [0x1e0b0000, 0x20870000, 0x240b0000)
   the space 40704K,  99% used [0x1e0b0000, 0x20862ab8, 0x20862c00, 0x20870000)
No shared spaces configured.
}
Event: 19727.035 GC heap before
{Heap before GC invocations=965 (full 2):
 def new generation   total 28544K, used 25967K [0x160b0000, 0x17fa0000, 0x180b0000)
  eden space 25408K, 100% used [0x160b0000, 0x17980000, 0x17980000)
  from space 3136K,  17% used [0x17c90000, 0x17d1bc98, 0x17fa0000)
  to   space 3136K,   0% used [0x17980000, 0x17980000, 0x17c90000)
 tenured generation   total 94752K, used 77774K [0x180b0000, 0x1dd38000, 0x1e0b0000)
   the space 94752K,  82% used [0x180b0000, 0x1cca3bb8, 0x1cca3c00, 0x1dd38000)
 compacting perm gen  total 40704K, used 40650K [0x1e0b0000, 0x20870000, 0x240b0000)
   the space 40704K,  99% used [0x1e0b0000, 0x20862ab8, 0x20862c00, 0x20870000)
No shared spaces configured.
Event: 19727.038 GC heap after
Heap after GC invocations=966 (full 2):
 def new generation   total 28544K, used 551K [0x160b0000, 0x17fa0000, 0x180b0000)
  eden space 25408K,   0% used [0x160b0000, 0x160b0000, 0x17980000)
  from space 3136K,  17% used [0x17980000, 0x17a09ed0, 0x17c90000)
  to   space 3136K,   0% used [0x17c90000, 0x17c90000, 0x17fa0000)
 tenured generation   total 94752K, used 77792K [0x180b0000, 0x1dd38000, 0x1e0b0000)
   the space 94752K,  82% used [0x180b0000, 0x1cca8028, 0x1cca8200, 0x1dd38000)
 compacting perm gen  total 40704K, used 40650K [0x1e0b0000, 0x20870000, 0x240b0000)
   the space 40704K,  99% used [0x1e0b0000, 0x20862ab8, 0x20862c00, 0x20870000)
No shared spaces configured.
}
Event: 19727.621 GC heap before
{Heap before GC invocations=966 (full 2):
 def new generation   total 28544K, used 25959K [0x160b0000, 0x17fa0000, 0x180b0000)
  eden space 25408K, 100% used [0x160b0000, 0x17980000, 0x17980000)
  from space 3136K,  17% used [0x17980000, 0x17a09ed0, 0x17c90000)
  to   space 3136K,   0% used [0x17c90000, 0x17c90000, 0x17fa0000)
 tenured generation   total 94752K, used 77792K [0x180b0000, 0x1dd38000, 0x1e0b0000)
   the space 94752K,  82% used [0x180b0000, 0x1cca8028, 0x1cca8200, 0x1dd38000)
 compacting perm gen  total 40704K, used 40650K [0x1e0b0000, 0x20870000, 0x240b0000)
   the space 40704K,  99% used [0x1e0b0000, 0x20862ab8, 0x20862c00, 0x20870000)
No shared spaces configured.
Event: 19727.624 GC heap after
Heap after GC invocations=967 (full 2):
 def new generation   total 28544K, used 543K [0x160b0000, 0x17fa0000, 0x180b0000)
  eden space 25408K,   0% used [0x160b0000, 0x160b0000, 0x17980000)
  from space 3136K,  17% used [0x17c90000, 0x17d17f28, 0x17fa0000)
  to   space 3136K,   0% used [0x17980000, 0x17980000, 0x17c90000)
 tenured generation   total 94752K, used 77803K [0x180b0000, 0x1dd38000, 0x1e0b0000)
   the space 94752K,  82% used [0x180b0000, 0x1ccaaec8, 0x1ccab000, 0x1dd38000)
 compacting perm gen  total 40704K, used 40650K [0x1e0b0000, 0x20870000, 0x240b0000)
   the space 40704K,  99% used [0x1e0b0000, 0x20862ab8, 0x20862c00, 0x20870000)
No shared spaces configured.
}

